<?xml version="1.0" encoding="UTF-8"?>
<testsuite name="MainKtTest" tests="5" skipped="0" failures="0" errors="0" timestamp="2022-10-25T18:02:58" hostname="DESKTOP-1M1A4OM" time="0.04">
  <properties/>
  <testcase name="commissionCalculator_MIRNotOverstepsMinCommission" classname="MainKtTest" time="0.028"/>
  <testcase name="commissionCalculator_MastercardAndMaestoCommission" classname="MainKtTest" time="0.004"/>
  <testcase name="commissionCalculator_MIROverstepsMinCommission" classname="MainKtTest" time="0.001"/>
  <testcase name="commissionCalculator_VisaNotOverstepsMinCommission" classname="MainKtTest" time="0.002"/>
  <testcase name="commissionCalculator_VisaOverstepsMinCommission" classname="MainKtTest" time="0.0"/>
  <system-out><![CDATA[]]></system-out>
  <system-err><![CDATA[]]></system-err>
</testsuite>
